[23:19:49] [main/INFO]: Loading Minecraft 1.20.1 with Fabric Loader 0.16.3
[23:19:49] [ForkJoinPool-1-worker-3/WARN]: Mod totw_modded uses the version fabric-1.20.1-1.0.5 which isn't compatible with Loader's extended semantic version format (Could not parse version number component 'fabric'!), SemVer is recommended for reliably evaluating dependencies and prioritizing newer version
[23:19:49] [ForkJoinPool-1-worker-3/WARN]: Mod tectonic uses the version 2.4.1b which isn't compatible with Loader's extended semantic version format (Could not parse version number component '1b'!), SemVer is recommended for reliably evaluating dependencies and prioritizing newer version
[23:19:49] [ForkJoinPool-1-worker-4/WARN]: Mod ultris_mr uses the version 5.6.9c which isn't compatible with Loader's extended semantic version format (Could not parse version number component '9c'!), SemVer is recommended for reliably evaluating dependencies and prioritizing newer version
[23:19:49] [ForkJoinPool-1-worker-4/WARN]: Mod mr_stellarity uses the version 2.0e which isn't compatible with Loader's extended semantic version format (Could not parse version number component '0e'!), SemVer is recommended for reliably evaluating dependencies and prioritizing newer version
[23:19:49] [main/INFO]: Loading 82 mods:
	- aquamirae 6
	- betterfortresses 1.20-Fabric-2.0.6
	   \-- org_reflections_reflections 0.10.2
	- bettermineshafts 1.20-Fabric-4.0.4
	- bettervillage 3.2.0
	- charmofundying 6.5.0+1.20.1
	   \-- spectrelib 0.13.15+1.20.1
	        |-- com_electronwill_night-config_core 3.6.5
	        \-- com_electronwill_night-config_toml 3.6.5
	- cloth-config 11.1.136
	   \-- cloth-basic-math 0.6.1
	- elytraslot 6.4.4+1.20.1
	   \-- mixinsquared 0.1.2-beta.6
	- fabric-api 0.92.2+1.20.1
	   |-- fabric-api-base 0.4.31+1802ada577
	   |-- fabric-api-lookup-api-v1 1.6.36+1802ada577
	   |-- fabric-biome-api-v1 13.0.13+1802ada577
	   |-- fabric-block-api-v1 1.0.11+1802ada577
	   |-- fabric-block-view-api-v2 1.0.1+1802ada577
	   |-- fabric-blockrenderlayer-v1 1.1.41+1802ada577
	   |-- fabric-client-tags-api-v1 1.1.2+1802ada577
	   |-- fabric-command-api-v1 1.2.34+f71b366f77
	   |-- fabric-command-api-v2 2.2.13+1802ada577
	   |-- fabric-commands-v0 0.2.51+df3654b377
	   |-- fabric-containers-v0 0.1.64+df3654b377
	   |-- fabric-content-registries-v0 4.0.11+1802ada577
	   |-- fabric-convention-tags-v1 1.5.5+1802ada577
	   |-- fabric-crash-report-info-v1 0.2.19+1802ada577
	   |-- fabric-data-attachment-api-v1 1.0.0+de0fd6d177
	   |-- fabric-data-generation-api-v1 12.3.4+1802ada577
	   |-- fabric-dimensions-v1 2.1.54+1802ada577
	   |-- fabric-entity-events-v1 1.6.0+1c78457f77
	   |-- fabric-events-interaction-v0 0.6.2+1802ada577
	   |-- fabric-events-lifecycle-v0 0.2.63+df3654b377
	   |-- fabric-game-rule-api-v1 1.0.40+1802ada577
	   |-- fabric-item-api-v1 2.1.28+1802ada577
	   |-- fabric-item-group-api-v1 4.0.12+1802ada577
	   |-- fabric-key-binding-api-v1 1.0.37+1802ada577
	   |-- fabric-keybindings-v0 0.2.35+df3654b377
	   |-- fabric-lifecycle-events-v1 2.2.22+1802ada577
	   |-- fabric-loot-api-v2 1.2.1+1802ada577
	   |-- fabric-loot-tables-v1 1.1.45+9e7660c677
	   |-- fabric-message-api-v1 5.1.9+1802ada577
	   |-- fabric-mining-level-api-v1 2.1.50+1802ada577
	   |-- fabric-model-loading-api-v1 1.0.3+1802ada577
	   |-- fabric-models-v0 0.4.2+9386d8a777
	   |-- fabric-networking-api-v1 1.3.11+1802ada577
	   |-- fabric-networking-v0 0.3.51+df3654b377
	   |-- fabric-object-builder-api-v1 11.1.3+1802ada577
	   |-- fabric-particles-v1 1.1.2+1802ada577
	   |-- fabric-recipe-api-v1 1.0.21+1802ada577
	   |-- fabric-registry-sync-v0 2.3.3+1802ada577
	   |-- fabric-renderer-api-v1 3.2.1+1802ada577
	   |-- fabric-renderer-indigo 1.5.2+85287f9f77
	   |-- fabric-renderer-registries-v1 3.2.46+df3654b377
	   |-- fabric-rendering-data-attachment-v1 0.3.37+92a0d36777
	   |-- fabric-rendering-fluids-v1 3.0.28+1802ada577
	   |-- fabric-rendering-v0 1.1.49+df3654b377
	   |-- fabric-rendering-v1 3.0.8+1802ada577
	   |-- fabric-resource-conditions-api-v1 2.3.8+1802ada577
	   |-- fabric-resource-loader-v0 0.11.10+1802ada577
	   |-- fabric-screen-api-v1 2.0.8+1802ada577
	   |-- fabric-screen-handler-api-v1 1.3.30+1802ada577
	   |-- fabric-sound-api-v1 1.0.13+1802ada577
	   |-- fabric-transfer-api-v1 3.3.5+8dd72ea377
	   \-- fabric-transitive-access-wideners-v1 4.3.1+1802ada577
	- fabricloader 0.16.3
	   \-- mixinextras 0.4.1
	- immersive_melodies 0.3.0+1.20.1
	- incendium 5.3.5
	- java 17
	- libraryferret 4.0.0
	- mes 1.3.4-1.20-fabric
	- minecraft 1.20.1
	- mns 1.0.1-1.20-fabric
	- moonlight 1.20-2.13.42
	- mr_blossom_blade 1.2
	- mr_stellarity 2.0e
	- mysticaloaktree 1.20-1.11
	- nullscape 1.2.7
	- obscure_api 16
	- simplemod 1.20.1
	- supplementaries 1.20-3.1.10
	- tectonic 2.4.1b
	- totw_modded fabric-1.20.1-1.0.5
	- travelersbackpack 9.1.18
	   \-- reach-entity-attributes 2.4.0
	- trinkets 3.7.2
	   |-- cardinal-components-base 5.2.0
	   \-- cardinal-components-entity 5.2.0
	- ultris_mr 5.6.9c
	- underground_bunkers 1.0.3
	- watching 1.9.2
	- yungsapi 1.20-Fabric-4.0.6
	   \-- org_javassist_javassist 3.29.2-GA
[23:19:49] [main/INFO]: SpongePowered MIXIN Subsystem Version=0.8.7 Source=file:/workspaces/urban-octo-barnacle/servidor_minecraft/libraries/net/fabricmc/sponge-mixin/0.15.2+mixin.0.8.7/sponge-mixin-0.15.2+mixin.0.8.7.jar Service=Knot/Fabric Env=SERVER
[23:19:49] [main/INFO]: Compatibility level set to JAVA_17
[23:19:50] [main/WARN]: Reference map 'mysticaloaktree-fabric-refmap.json' for mysticaloaktree.mixins.json could not be read. If this is a development environment you can ignore this message
[23:19:50] [main/WARN]: Reference map 'mysticaloaktree-common-refmap.json' for mysticaloaktree-common.mixins.json could not be read. If this is a development environment you can ignore this message
[23:19:50] [main/WARN]: Error loading class: vectorwing/farmersdelight/common/block/TomatoVineBlock (java.lang.ClassNotFoundException: vectorwing/farmersdelight/common/block/TomatoVineBlock)
[23:19:50] [main/WARN]: Error loading class: me/jellysquid/mods/sodium/client/render/chunk/compile/pipeline/FluidRenderer (java.lang.ClassNotFoundException: me/jellysquid/mods/sodium/client/render/chunk/compile/pipeline/FluidRenderer)
[23:19:50] [main/WARN]: Error loading class: io/wispforest/accessories/impl/AccessoriesEventHandler (java.lang.ClassNotFoundException: io/wispforest/accessories/impl/AccessoriesEventHandler)
[23:19:50] [main/WARN]: @Mixin target io.wispforest.accessories.impl.AccessoriesEventHandler was not found travelersbackpack.mixins.json:AccessoriesEventHandlerMixin from mod travelersbackpack
[23:19:50] [main/INFO]: Initializing MixinExtras via com.llamalad7.mixinextras.service.MixinExtrasServiceImpl(version=0.4.1).
[23:19:57] [main/INFO]: Reflections took 37 ms to scan 1 urls, producing 1 keys and 1 values
[23:19:57] [main/INFO]: Reflections took 2 ms to scan 1 urls, producing 1 keys and 1 values
[23:19:57] [main/INFO]: Reflections took 1 ms to scan 1 urls, producing 1 keys and 2 values
[23:19:57] [main/INFO]: Reflections took 1 ms to scan 1 urls, producing 1 keys and 2 values
[23:19:57] [main/INFO]: Initialize mod Library Ferret
[23:19:57] [main/INFO]: Initialized mod Library Ferret
[23:19:57] [main/INFO]: Hello Fabric world!
[23:19:57] [main/INFO]: Loaded config supplementaries-common.json
[23:19:58] [main/INFO]: Hello Fabric world!
[23:19:58] [main/ERROR]: No data fixer registered for 
[23:19:58] [main/INFO]: Registered the FluidEffect with Unique ID of minecraft:water for minecraft:water 81000 with the ID 0
[23:19:58] [main/INFO]: Registered the FluidEffect with Unique ID of minecraft:lava for minecraft:lava 81000 with the ID 1
[23:19:58] [main/INFO]: Registered the FluidEffect with Unique ID of travelersbackpack:potion for travelersbackpack:potion_still 27000 with the ID 2
[23:19:58] [main/INFO]: Registered the FluidEffect with Unique ID of travelersbackpack:milk for travelersbackpack:milk_still 81000 with the ID 3
[23:19:58] [main/INFO]: Hello Fabric world!
[23:19:58] [main/INFO]: Reflections took 3 ms to scan 1 urls, producing 1 keys and 4 values
[23:19:58] [main/INFO]: Reflections took 2 ms to scan 1 urls, producing 1 keys and 4 values
[23:19:58] [main/INFO]: Initialized block sets in 13ms
[23:19:58] [main/ERROR]: No data fixer registered for dispenser_minecart
[23:19:58] [main/ERROR]: No data fixer registered for falling_urn
[23:19:58] [main/ERROR]: No data fixer registered for falling_ash
[23:19:58] [main/ERROR]: No data fixer registered for falling_sack
[23:19:58] [main/ERROR]: No data fixer registered for brick_projectile
[23:19:58] [main/ERROR]: No data fixer registered for slimeball_projectile
[23:19:58] [main/ERROR]: No data fixer registered for bomb
[23:19:58] [main/ERROR]: No data fixer registered for cannonball
[23:19:58] [main/ERROR]: No data fixer registered for rope_arrow
[23:19:58] [main/ERROR]: No data fixer registered for slingshot_projectile
[23:19:58] [main/INFO]: Initialized color sets in 28ms
[23:19:58] [main/INFO]: Finished mod setup in: [0, 0, 0, 0, 0, 0, 11, 2, 0] ms
[23:19:59] [main/INFO]: Environment: authHost='https://authserver.mojang.com', accountsHost='https://api.mojang.com', sessionHost='https://sessionserver.mojang.com', servicesHost='https://api.minecraftservices.com', name='PROD'
[23:19:59] [main/INFO]: Found new data pack Supplementaries Generated Pack, loading it automatically
[23:19:59] [main/INFO]: Found new data pack tectonic/tectonic, loading it automatically
[23:19:59] [main/INFO]: Generated runtime SERVER_DATA for pack Supplementaries Generated Pack (supplementaries) in: 33 ms
[23:19:59] [main/ERROR]: Invalid path in mod resource-pack mr_stellarity: fokastudio:worldgen/biome/README.md, ignoring
[23:20:00] [Worker-Main-3/ERROR]: Couldn't load tag totw_modded:has_structure/aether_tower as it is missing following references: #aether:is_aether (from fabric)
[23:20:00] [Worker-Main-3/ERROR]: Couldn't load tag totw_modded:has_structure/moon_tower as it is missing following references: ad_astra:lunar_wastelands (from fabric)
[23:20:00] [Worker-Main-3/ERROR]: Couldn't load tag totw_modded:has_structure/tw_mangrove_tower as it is missing following references: twilightforest:swamp (from fabric), twilightforest:fire_swamp (from fabric)
[23:20:00] [Worker-Main-3/ERROR]: Couldn't load tag totw_modded:has_structure/everdawn_tower as it is missing following references: blue_skies:unorthodox_valley (from fabric), blue_skies:shaded_woodlands (from fabric), blue_skies:crystal_dunes (from fabric), blue_skies:crystal_dunes_spikes (from fabric), blue_skies:sunset_maple_forest (from fabric), blue_skies:rising_creek (from fabric), blue_skies:crystal_roughs (from fabric), blue_skies:searing_grassland (from fabric), blue_skies:crescent_orchard (from fabric)
[23:20:00] [Worker-Main-3/ERROR]: Couldn't load tag totw_modded:has_structure/ratlantis_tower as it is missing following references: rats:ratlantis (from fabric)
[23:20:00] [Worker-Main-3/ERROR]: Couldn't load tag totw_modded:has_structure/tw_canopy_tower as it is missing following references: twilightforest:forest (from fabric), twilightforest:spooky_forest (from fabric), twilightforest:mushroom_forest (from fabric)
[23:20:00] [Worker-Main-3/ERROR]: Couldn't load tag totw_modded:has_structure/everbright_tower as it is missing following references: blue_skies:calming_skies (from fabric), blue_skies:brightlands (from fabric), blue_skies:slushlands (from fabric), blue_skies:frostbitten_forest (from fabric), blue_skies:frostbitten_forest_clearing (from fabric), blue_skies:snow_covered_pines (from fabric), blue_skies:brisk_meadow (from fabric), blue_skies:polar_highland (from fabric)
[23:20:00] [Worker-Main-3/ERROR]: Couldn't load tag totw_modded:has_structure/mars_tower as it is missing following references: ad_astra:martian_canyon_creek (from fabric), ad_astra:martian_wastelands (from fabric)
[23:20:00] [Worker-Main-3/ERROR]: Couldn't load tag totw_modded:has_structure/venus_tower as it is missing following references: ad_astra:infernal_venus_barrens (from fabric)
[23:20:00] [Worker-Main-3/ERROR]: Couldn't load tag totw_modded:has_structure/glacio_tower as it is missing following references: ad_astra:glacio_snowy_barrens (from fabric), ad_astra:glacio_ice_peaks (from fabric)
[23:20:00] [Worker-Main-3/ERROR]: Couldn't load tag totw_modded:has_structure/mercury_tower as it is missing following references: ad_astra:mercury_deltas (from fabric)
[23:20:00] [Worker-Main-2/ERROR]: Couldn't load tag supplementaries:lunch_basket_blacklist as it is missing following references: potionbundles:potion_bundle (from fabric)
[23:20:02] [main/INFO]: Loaded 7 recipes
[23:20:02] [main/ERROR]: Failed to load function watching:check
java.util.concurrent.CompletionException: java.lang.IllegalArgumentException: Whilst parsing command on line 1: command.unknown.command at position 0: <--[HERE]
	at java.util.concurrent.CompletableFuture.encodeThrowable(CompletableFuture.java:315) ~[?:?]
	at java.util.concurrent.CompletableFuture.completeThrowable(CompletableFuture.java:320) ~[?:?]
	at java.util.concurrent.CompletableFuture$AsyncSupply.run(CompletableFuture.java:1770) ~[?:?]
	at java.util.concurrent.CompletableFuture$AsyncSupply.exec(CompletableFuture.java:1760) ~[?:?]
	at java.util.concurrent.ForkJoinTask.doExec(ForkJoinTask.java:373) ~[?:?]
	at java.util.concurrent.ForkJoinPool$WorkQueue.topLevelExec(ForkJoinPool.java:1182) ~[?:?]
	at java.util.concurrent.ForkJoinPool.scan(ForkJoinPool.java:1655) ~[?:?]
	at java.util.concurrent.ForkJoinPool.runWorker(ForkJoinPool.java:1622) ~[?:?]
	at java.util.concurrent.ForkJoinWorkerThread.run(ForkJoinWorkerThread.java:165) ~[?:?]
Caused by: java.lang.IllegalArgumentException: Whilst parsing command on line 1: command.unknown.command at position 0: <--[HERE]
	at net.minecraft.class_2158.method_9195(class_2158.java:63) ~[server-intermediary.jar:?]
	at net.minecraft.class_5349.method_29451(class_5349.java:83) ~[server-intermediary.jar:?]
	at java.util.concurrent.CompletableFuture$AsyncSupply.run(CompletableFuture.java:1768) ~[?:?]
	... 6 more
[23:20:02] [main/ERROR]: Parsing error loading custom advancement supplementaries:recipes/planter_rich: Unknown item id 'farmersdelight:rich_soil'
[23:20:02] [main/ERROR]: Parsing error loading custom advancement totw_modded:root: Expected item to be an item, was unknown string 'waystones:mossy_waystone'
[23:20:02] [main/ERROR]: Couldn't load advancement totw_modded:regular_tower: Task Advancement{parentId=totw_modded:root, display=net.minecraft.class_185@6b262eda, rewards=AdvancementRewards{experience=0, loot=[], recipes=[], function=net.minecraft.class_2158$class_2159@77e96497}, criteria={regular=net.minecraft.class_175@11465fd8}, requirements=[[regular]], sends_telemetry_event=false}
[23:20:02] [main/ERROR]: Couldn't load advancement totw_modded:ice_tower: Task Advancement{parentId=totw_modded:root, display=net.minecraft.class_185@6d105ee3, rewards=AdvancementRewards{experience=0, loot=[], recipes=[], function=net.minecraft.class_2158$class_2159@77e96497}, criteria={ice=net.minecraft.class_175@4e8b6406}, requirements=[[ice]], sends_telemetry_event=false}
[23:20:02] [main/ERROR]: Couldn't load advancement totw_modded:derelict_grass_tower: Task Advancement{parentId=totw_modded:root, display=net.minecraft.class_185@4529ae51, rewards=AdvancementRewards{experience=0, loot=[], recipes=[], function=net.minecraft.class_2158$class_2159@77e96497}, criteria={derelict_grass=net.minecraft.class_175@501759a6}, requirements=[[derelict_grass]], sends_telemetry_event=false}
[23:20:02] [main/ERROR]: Couldn't load advancement totw_modded:jungle_tower: Task Advancement{parentId=totw_modded:root, display=net.minecraft.class_185@328e84c0, rewards=AdvancementRewards{experience=0, loot=[], recipes=[], function=net.minecraft.class_2158$class_2159@77e96497}, criteria={jungle=net.minecraft.class_175@583e315e}, requirements=[[jungle]], sends_telemetry_event=false}
[23:20:02] [main/ERROR]: Couldn't load advancement totw_modded:derelict_tower: Task Advancement{parentId=totw_modded:root, display=net.minecraft.class_185@b7e92ac, rewards=AdvancementRewards{experience=0, loot=[], recipes=[], function=net.minecraft.class_2158$class_2159@77e96497}, criteria={derelict=net.minecraft.class_175@2263f65c}, requirements=[[derelict]], sends_telemetry_event=false}
[23:20:02] [main/INFO]: Loaded 2010 advancements
[23:20:02] [main/INFO]: Loaded 27 flute songs
[23:20:02] [main/WARN]: Not all defined tags for registry ResourceKey[minecraft:root / minecraft:block] are present in data pack: 1_splatus:spellbound/hot
[23:20:02] [main/WARN]: Not all defined tags for registry ResourceKey[minecraft:root / minecraft:worldgen/biome] are present in data pack: totw_modded:has_structure/aether_tower, totw_modded:has_structure/everbright_tower, totw_modded:has_structure/everdawn_tower, totw_modded:has_structure/glacio_tower, totw_modded:has_structure/mars_tower, totw_modded:has_structure/mercury_tower, totw_modded:has_structure/moon_tower, totw_modded:has_structure/ratlantis_tower, totw_modded:has_structure/tw_canopy_tower, totw_modded:has_structure/tw_mangrove_tower, totw_modded:has_structure/venus_tower
[23:20:02] [main/INFO]: Applied 7 data villager trades
[23:20:02] [main/INFO]: Finished additional setup in 0 ms
[23:20:03] [main/INFO]: Applied 169 biome modifications to 54 of 102 new biomes in 12.29 ms
[23:20:03] [Server thread/INFO]: Starting minecraft server version 1.20.1
[23:20:03] [Server thread/INFO]: Loading properties
[23:20:03] [Server thread/INFO]: Default game type: SURVIVAL
[23:20:03] [Server thread/INFO]: Generating keypair
[23:20:03] [Server thread/INFO]: Starting Minecraft server on *:25565
[23:20:03] [Server thread/INFO]: Using epoll channel type
[23:20:03] [Server thread/WARN]: **** SERVER IS RUNNING IN OFFLINE/INSECURE MODE!
[23:20:03] [Server thread/WARN]: The server will make no attempt to authenticate usernames. Beware.
[23:20:03] [Server thread/WARN]: While this makes the game possible to play without internet access, it also opens up the ability for hackers to connect with any username they choose.
[23:20:03] [Server thread/WARN]: To change this, set "online-mode" to "true" in the server.properties file.
[23:20:03] [Server thread/INFO]: Preparing level "world"
[23:20:20] [Server thread/INFO]: Preparing start region for dimension minecraft:overworld
[23:20:20] [Worker-Main-1/INFO]: menu.preparingSpawn
[23:20:20] [Worker-Main-1/INFO]: menu.preparingSpawn
[23:20:21] [Worker-Main-2/INFO]: menu.preparingSpawn
[23:20:21] [Worker-Main-2/INFO]: menu.preparingSpawn
[23:20:22] [Worker-Main-2/INFO]: menu.preparingSpawn
[23:20:22] [Worker-Main-3/INFO]: menu.preparingSpawn
[23:20:23] [Worker-Main-1/INFO]: menu.preparingSpawn
[23:20:23] [Worker-Main-3/INFO]: menu.preparingSpawn
[23:20:24] [Worker-Main-3/INFO]: menu.preparingSpawn
[23:20:24] [Worker-Main-3/INFO]: menu.preparingSpawn
[23:20:25] [Worker-Main-2/INFO]: menu.preparingSpawn
[23:20:25] [Worker-Main-3/INFO]: menu.preparingSpawn
[23:20:26] [Worker-Main-1/INFO]: menu.preparingSpawn
[23:20:26] [Worker-Main-2/INFO]: menu.preparingSpawn
[23:20:27] [Worker-Main-1/INFO]: menu.preparingSpawn
[23:20:27] [Worker-Main-3/INFO]: menu.preparingSpawn
[23:20:28] [Worker-Main-1/INFO]: menu.preparingSpawn
[23:20:28] [Worker-Main-1/INFO]: menu.preparingSpawn
[23:20:29] [Worker-Main-3/INFO]: menu.preparingSpawn
[23:20:29] [Worker-Main-2/INFO]: menu.preparingSpawn
[23:20:30] [Worker-Main-3/INFO]: menu.preparingSpawn
[23:20:30] [Worker-Main-1/INFO]: menu.preparingSpawn
[23:20:31] [Worker-Main-2/INFO]: menu.preparingSpawn
[23:20:31] [Worker-Main-1/INFO]: menu.preparingSpawn
[23:20:32] [Worker-Main-1/INFO]: menu.preparingSpawn
[23:20:32] [Worker-Main-2/INFO]: menu.preparingSpawn
[23:20:33] [Worker-Main-1/INFO]: menu.preparingSpawn
[23:20:33] [Worker-Main-2/INFO]: menu.preparingSpawn
[23:20:34] [Worker-Main-3/INFO]: menu.preparingSpawn
[23:20:34] [Worker-Main-2/INFO]: menu.preparingSpawn
[23:20:35] [Worker-Main-1/INFO]: menu.preparingSpawn
[23:20:35] [Worker-Main-2/INFO]: menu.preparingSpawn
[23:20:36] [Worker-Main-2/INFO]: menu.preparingSpawn
[23:20:36] [Worker-Main-2/INFO]: menu.preparingSpawn
[23:20:37] [Worker-Main-1/INFO]: menu.preparingSpawn
[23:20:37] [Worker-Main-1/INFO]: menu.preparingSpawn
[23:20:38] [Worker-Main-2/INFO]: menu.preparingSpawn
[23:20:38] [Worker-Main-1/INFO]: menu.preparingSpawn
[23:20:39] [Worker-Main-3/INFO]: menu.preparingSpawn
[23:20:39] [Worker-Main-2/INFO]: menu.preparingSpawn
[23:20:40] [Worker-Main-2/INFO]: menu.preparingSpawn
[23:20:40] [Worker-Main-3/INFO]: menu.preparingSpawn
[23:20:41] [Worker-Main-2/INFO]: menu.preparingSpawn
[23:20:41] [Worker-Main-3/INFO]: menu.preparingSpawn
[23:20:42] [Worker-Main-3/INFO]: menu.preparingSpawn
[23:20:42] [Worker-Main-1/INFO]: menu.preparingSpawn
[23:20:43] [Worker-Main-3/INFO]: menu.preparingSpawn
[23:20:43] [Worker-Main-2/INFO]: menu.preparingSpawn
[23:20:44] [Worker-Main-2/INFO]: menu.preparingSpawn
[23:20:44] [Worker-Main-3/INFO]: menu.preparingSpawn
[23:20:45] [Worker-Main-1/INFO]: menu.preparingSpawn
[23:20:45] [Worker-Main-2/INFO]: menu.preparingSpawn
[23:20:46] [Worker-Main-2/INFO]: menu.preparingSpawn
[23:20:46] [Worker-Main-3/INFO]: menu.preparingSpawn
[23:20:47] [Worker-Main-1/INFO]: menu.preparingSpawn
[23:20:47] [Worker-Main-3/INFO]: menu.preparingSpawn
[23:20:48] [Worker-Main-3/INFO]: menu.preparingSpawn
[23:20:48] [Worker-Main-1/INFO]: menu.preparingSpawn
[23:20:49] [Worker-Main-3/INFO]: menu.preparingSpawn
[23:20:49] [Worker-Main-2/INFO]: menu.preparingSpawn
[23:20:50] [Worker-Main-1/INFO]: menu.preparingSpawn
[23:20:50] [Worker-Main-2/INFO]: menu.preparingSpawn
[23:20:51] [Worker-Main-1/INFO]: menu.preparingSpawn
[23:20:51] [Worker-Main-1/INFO]: menu.preparingSpawn
[23:20:52] [Worker-Main-2/INFO]: menu.preparingSpawn
[23:20:52] [Worker-Main-1/INFO]: menu.preparingSpawn
[23:20:53] [Worker-Main-2/INFO]: menu.preparingSpawn
[23:20:53] [Worker-Main-2/INFO]: menu.preparingSpawn
[23:20:54] [Worker-Main-1/INFO]: menu.preparingSpawn
[23:20:54] [Worker-Main-3/INFO]: menu.preparingSpawn
[23:20:55] [Worker-Main-1/INFO]: menu.preparingSpawn
[23:20:55] [Worker-Main-3/INFO]: menu.preparingSpawn
[23:20:56] [Worker-Main-3/WARN]: Empty height range: [0 absolute--16 absolute]
[23:20:56] [Worker-Main-3/INFO]: menu.preparingSpawn
[23:20:56] [Worker-Main-2/INFO]: menu.preparingSpawn
[23:20:57] [Worker-Main-3/INFO]: menu.preparingSpawn
[23:20:57] [Worker-Main-3/INFO]: menu.preparingSpawn
[23:20:58] [Worker-Main-2/INFO]: menu.preparingSpawn
[23:20:58] [Worker-Main-3/INFO]: menu.preparingSpawn
[23:20:59] [Worker-Main-1/INFO]: menu.preparingSpawn
[23:20:59] [Worker-Main-3/INFO]: menu.preparingSpawn
[23:21:00] [Worker-Main-2/INFO]: menu.preparingSpawn
[23:21:00] [Worker-Main-2/INFO]: menu.preparingSpawn
[23:21:01] [Worker-Main-2/INFO]: menu.preparingSpawn
[23:21:01] [Server thread/INFO]: Time elapsed: 41310 ms
[23:21:01] [Server thread/INFO]: Done (58.197s)! For help, type "help"
[23:21:09] [Server thread/WARN]: Can't keep up! Is the server overloaded? Running 8121ms or 162 ticks behind
[23:22:26] [Server thread/INFO]: davixelpro123[/127.228.179.127:36425] logged in with entity id 379 at (52.5, 82.0, -7.5)
[23:22:34] [Server thread/INFO]: Loading config from file...
[23:22:34] [Server thread/INFO]: multiplayer.player.joined
[23:22:34] [Server thread/WARN]: Can't keep up! Is the server overloaded? Running 8392ms or 167 ticks behind
[23:22:40] [Server thread/INFO]: crisrob[/127.34.47.50:49913] logged in with entity id 503 at (52.5, 82.0, -7.5)
[23:22:40] [Server thread/INFO]: Loading config from file...
[23:22:40] [Server thread/INFO]: multiplayer.player.joined
[23:22:56] [Server thread/INFO]: davixelpro123 lost connection: disconnect.timeout
[23:22:56] [Server thread/INFO]: multiplayer.player.left
[23:23:03] [Server thread/INFO]: davixelpro123[/127.228.179.127:47513] logged in with entity id 594 at (52.5, 82.0, -7.5)
[23:23:03] [Server thread/INFO]: Loading config from file...
[23:23:03] [Server thread/INFO]: multiplayer.player.joined
[23:23:19] [Server thread/INFO]: commands.op.success
[23:23:27] [Server thread/INFO]: chat.type.admin
[23:23:33] [Server thread/INFO]: davixelpro123 lost connection: disconnect.timeout
[23:23:33] [Server thread/INFO]: multiplayer.player.left
[23:23:36] [Server thread/INFO]: davixelpro123[/127.228.179.127:41009] logged in with entity id 701 at (52.5, 82.0, -7.5)
[23:23:36] [Server thread/INFO]: Loading config from file...
[23:23:36] [Server thread/INFO]: multiplayer.player.joined
[23:24:04] [Server thread/INFO]: [Not Secure] chat.type.text
[23:24:16] [Server thread/INFO]: [Not Secure] chat.type.text
[23:24:24] [Server thread/INFO]: chat.type.admin
[23:24:44] [Server thread/INFO]: chat.type.advancement.task
[23:24:57] [Server thread/INFO]: chat.type.advancement.task
[23:25:37] [Server thread/INFO]: chat.type.advancement.task
[23:25:53] [Server thread/INFO]: chat.type.advancement.task
[23:26:06] [Worker-Main-3/ERROR]: Hanging entity at invalid position: class_2338{x=-221, y=139, z=397}
[23:26:34] [Worker-Main-2/ERROR]: Hanging entity at invalid position: class_2338{x=-197, y=101, z=385}
[23:26:34] [Worker-Main-1/ERROR]: Hanging entity at invalid position: class_2338{x=-192, y=101, z=385}
[23:26:35] [Worker-Main-2/WARN]: Ignoring unknown attribute 'forge:entity_gravity'
[23:26:39] [Worker-Main-3/WARN]: Ignoring unknown attribute 'forge:entity_gravity'
[23:26:39] [Worker-Main-2/WARN]: Ignoring unknown attribute 'forge:entity_gravity'
[23:26:40] [Worker-Main-3/ERROR]: Hanging entity at invalid position: class_2338{x=-207, y=108, z=424}
[23:26:40] [Worker-Main-3/ERROR]: Hanging entity at invalid position: class_2338{x=-202, y=108, z=424}
[23:26:42] [Worker-Main-3/ERROR]: Hanging entity at invalid position: class_2338{x=385, y=99, z=1251}
[23:26:42] [Worker-Main-3/ERROR]: Hanging entity at invalid position: class_2338{x=385, y=101, z=1251}
[23:26:42] [Worker-Main-3/ERROR]: Hanging entity at invalid position: class_2338{x=385, y=100, z=1251}
[23:26:42] [Worker-Main-3/WARN]: Ignoring unknown attribute 'forge:entity_gravity'
[23:26:42] [Worker-Main-3/WARN]: Ignoring unknown attribute 'forge:entity_gravity'
[23:26:47] [Worker-Main-2/WARN]: Ignoring unknown attribute 'forge:entity_gravity'
[23:26:47] [Worker-Main-1/ERROR]: Hanging entity at invalid position: class_2338{x=383, y=99, z=1251}
[23:26:47] [Worker-Main-1/ERROR]: Hanging entity at invalid position: class_2338{x=383, y=100, z=1251}
[23:26:47] [Worker-Main-1/ERROR]: Hanging entity at invalid position: class_2338{x=383, y=101, z=1251}
[23:26:47] [Worker-Main-1/ERROR]: Hanging entity at invalid position: class_2338{x=384, y=101, z=1251}
[23:26:47] [Worker-Main-1/ERROR]: Hanging entity at invalid position: class_2338{x=384, y=100, z=1251}
[23:26:47] [Worker-Main-1/ERROR]: Hanging entity at invalid position: class_2338{x=384, y=99, z=1251}
[23:26:56] [Worker-Main-2/WARN]: Ignoring unknown attribute 'forge:entity_gravity'
[23:27:45] [Server thread/INFO]: chat.type.admin
[23:29:29] [Server thread/INFO]: chat.type.advancement.task
[23:29:35] [Server thread/INFO]: chat.type.advancement.task
[23:32:13] [Server thread/INFO]: [Not Secure] chat.type.text
[23:32:33] [Server thread/INFO]: chat.type.advancement.task
[23:34:56] [Server thread/INFO]: chat.type.advancement.task
[23:35:04] [Server thread/INFO]: chat.type.admin
[23:35:53] [Server thread/INFO]: chat.type.advancement.task
[23:36:01] [Server thread/INFO]: chat.type.advancement.task
[23:36:58] [Server thread/INFO]: chat.type.advancement.task
[23:37:52] [Server thread/INFO]: death.attack.explosion.player
[23:38:16] [Server thread/INFO]: chat.type.admin
[23:38:37] [Server thread/INFO]: davixelpro123 lost connection: disconnect.timeout
[23:38:37] [Server thread/INFO]: multiplayer.player.left
[23:38:43] [Server thread/INFO]: davixelpro123[/127.228.179.127:52361] logged in with entity id 3490 at (349.5426851259705, 217.10408037809304, 0.48245067399535035)
[23:38:43] [Server thread/INFO]: Loading config from file...
[23:38:43] [Server thread/INFO]: multiplayer.player.joined
[23:38:57] [Server thread/INFO]: chat.type.admin
[23:39:28] [Server thread/INFO]: chat.type.admin
[23:40:13] [Server thread/INFO]: chat.type.advancement.task
[23:40:47] [Server thread/INFO]: chat.type.admin
[23:41:57] [Server thread/INFO]: chat.type.advancement.goal
[23:42:43] [Server thread/INFO]: davixelpro123 lost connection: disconnect.timeout
[23:42:43] [Server thread/INFO]: multiplayer.player.left
[23:43:25] [Server thread/INFO]: davixelpro123[/127.228.179.127:58897] logged in with entity id 4590 at (323.8906445714577, 228.6290828859373, 36.2660817912313)
[23:43:25] [Server thread/INFO]: Loading config from file...
[23:43:25] [Server thread/INFO]: multiplayer.player.joined
[23:43:55] [Server thread/INFO]: davixelpro123 lost connection: disconnect.timeout
[23:43:55] [Server thread/INFO]: multiplayer.player.left
[23:44:11] [Server thread/INFO]: davixelpro123[/127.228.179.127:36683] logged in with entity id 5137 at (323.8906445714577, 228.6290828859373, 36.2660817912313)
[23:44:11] [Server thread/INFO]: Loading config from file...
[23:44:11] [Server thread/INFO]: multiplayer.player.joined
[23:44:33] [Server thread/INFO]: [Not Secure] chat.type.text
[23:44:38] [Server thread/INFO]: chat.type.admin
[23:44:41] [Server thread/INFO]: davixelpro123 lost connection: disconnect.timeout
[23:44:41] [Server thread/INFO]: multiplayer.player.left
[23:44:51] [Server thread/INFO]: davixelpro123[/127.228.179.127:52321] logged in with entity id 5775 at (323.8906445714577, 228.6290828859373, 36.2660817912313)
[23:44:51] [Server thread/INFO]: Loading config from file...
[23:44:51] [Server thread/INFO]: multiplayer.player.joined
[23:45:01] [Server thread/INFO]: [Not Secure] chat.type.text
[23:45:09] [Server thread/INFO]: chat.type.admin
[23:45:14] [Server thread/INFO]: davixelpro123 lost connection: multiplayer.disconnect.generic
[23:45:14] [Server thread/INFO]: multiplayer.player.left
[23:54:58] [Server thread/INFO]: crisrob lost connection: disconnect.timeout
[23:54:58] [Server thread/INFO]: multiplayer.player.left
